Analysis & Synthesis report for juego
Thu Feb 04 11:03:29 2021
Quartus Prime Version 20.1.0 Build 711 06/05/2020 SJ Lite Edition


---------------------
; Table of Contents ;
---------------------
  1. Legal Notice
  2. Analysis & Synthesis Summary
  3. Analysis & Synthesis Settings
  4. Parallel Compilation
  5. Analysis & Synthesis Source Files Read
  6. Analysis & Synthesis Resource Usage Summary
  7. Analysis & Synthesis Resource Utilization by Entity
  8. State Machine - |snake|game_logic:g3|temp_cell
  9. State Machine - |snake|game_logic:g3|game
 10. Registers Removed During Synthesis
 11. General Register Statistics
 12. Inverted Register Statistics
 13. Multiplexer Restructuring Statistics (Restructuring Performed)
 14. Parameter Settings for Inferred Entity Instance: pseudo_random_generator:g4|lpm_divide:Mod0
 15. Parameter Settings for Inferred Entity Instance: game_logic:g3|lpm_divide:Div2
 16. Parameter Settings for Inferred Entity Instance: game_logic:g3|lpm_divide:Div1
 17. Parameter Settings for Inferred Entity Instance: game_logic:g3|lpm_divide:Mod0
 18. Parameter Settings for Inferred Entity Instance: game_logic:g3|lpm_divide:Div0
 19. Post-Synthesis Netlist Statistics for Top Partition
 20. Elapsed Time Per Partition
 21. Analysis & Synthesis Messages



----------------
; Legal Notice ;
----------------
Copyright (C) 2020  Intel Corporation. All rights reserved.
Your use of Intel Corporation's design tools, logic functions 
and other software and tools, and any partner logic 
functions, and any output files from any of the foregoing 
(including device programming or simulation files), and any 
associated documentation or information are expressly subject 
to the terms and conditions of the Intel Program License 
Subscription Agreement, the Intel Quartus Prime License Agreement,
the Intel FPGA IP License Agreement, or other applicable license
agreement, including, without limitation, that your use is for
the sole purpose of programming logic devices manufactured by
Intel and sold by Intel or its authorized distributors.  Please
refer to the applicable agreement for further details, at
https://fpgasoftware.intel.com/eula.



+----------------------------------------------------------------------------------+
; Analysis & Synthesis Summary                                                     ;
+------------------------------------+---------------------------------------------+
; Analysis & Synthesis Status        ; Successful - Thu Feb 04 11:03:29 2021       ;
; Quartus Prime Version              ; 20.1.0 Build 711 06/05/2020 SJ Lite Edition ;
; Revision Name                      ; juego                                       ;
; Top-level Entity Name              ; snake                                       ;
; Family                             ; MAX 10                                      ;
; Total logic elements               ; 1,788                                       ;
;     Total combinational functions  ; 1,740                                       ;
;     Dedicated logic registers      ; 352                                         ;
; Total registers                    ; 352                                         ;
; Total pins                         ; 30                                          ;
; Total virtual pins                 ; 0                                           ;
; Total memory bits                  ; 0                                           ;
; Embedded Multiplier 9-bit elements ; 0                                           ;
; Total PLLs                         ; 0                                           ;
; UFM blocks                         ; 0                                           ;
; ADC blocks                         ; 0                                           ;
+------------------------------------+---------------------------------------------+


+------------------------------------------------------------------------------------------------------------+
; Analysis & Synthesis Settings                                                                              ;
+------------------------------------------------------------------+--------------------+--------------------+
; Option                                                           ; Setting            ; Default Value      ;
+------------------------------------------------------------------+--------------------+--------------------+
; Device                                                           ; 10M50DAF484C7G     ;                    ;
; Top-level entity name                                            ; snake              ; juego              ;
; Family name                                                      ; MAX 10             ; Cyclone V          ;
; Use smart compilation                                            ; Off                ; Off                ;
; Enable parallel Assembler and Timing Analyzer during compilation ; On                 ; On                 ;
; Enable compact report table                                      ; Off                ; Off                ;
; Restructure Multiplexers                                         ; Auto               ; Auto               ;
; Create Debugging Nodes for IP Cores                              ; Off                ; Off                ;
; Preserve fewer node names                                        ; On                 ; On                 ;
; Intel FPGA IP Evaluation Mode                                    ; Enable             ; Enable             ;
; Verilog Version                                                  ; Verilog_2001       ; Verilog_2001       ;
; VHDL Version                                                     ; VHDL_1993          ; VHDL_1993          ;
; State Machine Processing                                         ; Auto               ; Auto               ;
; Safe State Machine                                               ; Off                ; Off                ;
; Extract Verilog State Machines                                   ; On                 ; On                 ;
; Extract VHDL State Machines                                      ; On                 ; On                 ;
; Ignore Verilog initial constructs                                ; Off                ; Off                ;
; Iteration limit for constant Verilog loops                       ; 5000               ; 5000               ;
; Iteration limit for non-constant Verilog loops                   ; 250                ; 250                ;
; Add Pass-Through Logic to Inferred RAMs                          ; On                 ; On                 ;
; Infer RAMs from Raw Logic                                        ; On                 ; On                 ;
; Parallel Synthesis                                               ; On                 ; On                 ;
; DSP Block Balancing                                              ; Auto               ; Auto               ;
; NOT Gate Push-Back                                               ; On                 ; On                 ;
; Power-Up Don't Care                                              ; On                 ; On                 ;
; Remove Redundant Logic Cells                                     ; Off                ; Off                ;
; Remove Duplicate Registers                                       ; On                 ; On                 ;
; Ignore CARRY Buffers                                             ; Off                ; Off                ;
; Ignore CASCADE Buffers                                           ; Off                ; Off                ;
; Ignore GLOBAL Buffers                                            ; Off                ; Off                ;
; Ignore ROW GLOBAL Buffers                                        ; Off                ; Off                ;
; Ignore LCELL Buffers                                             ; Off                ; Off                ;
; Ignore SOFT Buffers                                              ; On                 ; On                 ;
; Limit AHDL Integers to 32 Bits                                   ; Off                ; Off                ;
; Optimization Technique                                           ; Balanced           ; Balanced           ;
; Carry Chain Length                                               ; 70                 ; 70                 ;
; Auto Carry Chains                                                ; On                 ; On                 ;
; Auto Open-Drain Pins                                             ; On                 ; On                 ;
; Perform WYSIWYG Primitive Resynthesis                            ; Off                ; Off                ;
; Auto ROM Replacement                                             ; On                 ; On                 ;
; Auto RAM Replacement                                             ; On                 ; On                 ;
; Auto DSP Block Replacement                                       ; On                 ; On                 ;
; Auto Shift Register Replacement                                  ; Auto               ; Auto               ;
; Allow Shift Register Merging across Hierarchies                  ; Auto               ; Auto               ;
; Auto Clock Enable Replacement                                    ; On                 ; On                 ;
; Strict RAM Replacement                                           ; Off                ; Off                ;
; Allow Synchronous Control Signals                                ; On                 ; On                 ;
; Force Use of Synchronous Clear Signals                           ; Off                ; Off                ;
; Auto RAM Block Balancing                                         ; On                 ; On                 ;
; Auto RAM to Logic Cell Conversion                                ; Off                ; Off                ;
; Auto Resource Sharing                                            ; Off                ; Off                ;
; Allow Any RAM Size For Recognition                               ; Off                ; Off                ;
; Allow Any ROM Size For Recognition                               ; Off                ; Off                ;
; Allow Any Shift Register Size For Recognition                    ; Off                ; Off                ;
; Use LogicLock Constraints during Resource Balancing              ; On                 ; On                 ;
; Ignore translate_off and synthesis_off directives                ; Off                ; Off                ;
; Timing-Driven Synthesis                                          ; On                 ; On                 ;
; Report Parameter Settings                                        ; On                 ; On                 ;
; Report Source Assignments                                        ; On                 ; On                 ;
; Report Connectivity Checks                                       ; On                 ; On                 ;
; Ignore Maximum Fan-Out Assignments                               ; Off                ; Off                ;
; Synchronization Register Chain Length                            ; 2                  ; 2                  ;
; Power Optimization During Synthesis                              ; Normal compilation ; Normal compilation ;
; HDL message level                                                ; Level2             ; Level2             ;
; Suppress Register Optimization Related Messages                  ; Off                ; Off                ;
; Number of Removed Registers Reported in Synthesis Report         ; 5000               ; 5000               ;
; Number of Swept Nodes Reported in Synthesis Report               ; 5000               ; 5000               ;
; Number of Inverted Registers Reported in Synthesis Report        ; 100                ; 100                ;
; Clock MUX Protection                                             ; On                 ; On                 ;
; Auto Gated Clock Conversion                                      ; Off                ; Off                ;
; Block Design Naming                                              ; Auto               ; Auto               ;
; SDC constraint protection                                        ; Off                ; Off                ;
; Synthesis Effort                                                 ; Auto               ; Auto               ;
; Shift Register Replacement - Allow Asynchronous Clear Signal     ; On                 ; On                 ;
; Pre-Mapping Resynthesis Optimization                             ; Off                ; Off                ;
; Analysis & Synthesis Message Level                               ; Medium             ; Medium             ;
; Disable Register Merging Across Hierarchies                      ; Auto               ; Auto               ;
; Resource Aware Inference For Block RAM                           ; On                 ; On                 ;
+------------------------------------------------------------------+--------------------+--------------------+


+------------------------------------------+
; Parallel Compilation                     ;
+----------------------------+-------------+
; Processors                 ; Number      ;
+----------------------------+-------------+
; Number detected on machine ; 4           ;
; Maximum allowed            ; 4           ;
;                            ;             ;
; Average used               ; 1.00        ;
; Maximum used               ; 4           ;
;                            ;             ;
; Usage by Processor         ; % Time Used ;
;     Processor 1            ; 100.0%      ;
;     Processor 2            ;   0.1%      ;
;     Processor 3            ;   0.1%      ;
;     Processor 4            ;   0.1%      ;
+----------------------------+-------------+


+--------------------------------------------------------------------------------------------------------------------------------------------------------------------------+
; Analysis & Synthesis Source Files Read                                                                                                                                   ;
+----------------------------------+-----------------+------------------------------+----------------------------------------------------------------------------+---------+
; File Name with User-Entered Path ; Used in Netlist ; File Type                    ; File Name with Absolute Path                                               ; Library ;
+----------------------------------+-----------------+------------------------------+----------------------------------------------------------------------------+---------+
; snake.vhd                        ; yes             ; User VHDL File               ; C:/Users/Isaac/Desktop/VLSI/ProyectoVLSI/snake.vhd                         ;         ;
; vga.vhd                          ; yes             ; User VHDL File               ; C:/Users/Isaac/Desktop/VLSI/ProyectoVLSI/vga.vhd                           ;         ;
; pseudo_random_generator.vhd      ; yes             ; User VHDL File               ; C:/Users/Isaac/Desktop/VLSI/ProyectoVLSI/pseudo_random_generator.vhd       ;         ;
; game_package.vhd                 ; yes             ; User VHDL File               ; C:/Users/Isaac/Desktop/VLSI/ProyectoVLSI/game_package.vhd                  ;         ;
; game_logic.vhd                   ; yes             ; User VHDL File               ; C:/Users/Isaac/Desktop/VLSI/ProyectoVLSI/game_logic.vhd                    ;         ;
; debouncer_circuit.vhd            ; yes             ; User VHDL File               ; C:/Users/Isaac/Desktop/VLSI/ProyectoVLSI/debouncer_circuit.vhd             ;         ;
; clock_divider.vhd                ; yes             ; User VHDL File               ; C:/Users/Isaac/Desktop/VLSI/ProyectoVLSI/clock_divider.vhd                 ;         ;
; lpm_divide.tdf                   ; yes             ; Megafunction                 ; c:/intelfpga_lite/20.1/quartus/libraries/megafunctions/lpm_divide.tdf      ;         ;
; abs_divider.inc                  ; yes             ; Megafunction                 ; c:/intelfpga_lite/20.1/quartus/libraries/megafunctions/abs_divider.inc     ;         ;
; sign_div_unsign.inc              ; yes             ; Megafunction                 ; c:/intelfpga_lite/20.1/quartus/libraries/megafunctions/sign_div_unsign.inc ;         ;
; aglobal201.inc                   ; yes             ; Megafunction                 ; c:/intelfpga_lite/20.1/quartus/libraries/megafunctions/aglobal201.inc      ;         ;
; db/lpm_divide_2nl.tdf            ; yes             ; Auto-Generated Megafunction  ; C:/Users/Isaac/Desktop/VLSI/ProyectoVLSI/db/lpm_divide_2nl.tdf             ;         ;
; db/sign_div_unsign_1nh.tdf       ; yes             ; Auto-Generated Megafunction  ; C:/Users/Isaac/Desktop/VLSI/ProyectoVLSI/db/sign_div_unsign_1nh.tdf        ;         ;
; db/alt_u_div_cke.tdf             ; yes             ; Auto-Generated Megafunction  ; C:/Users/Isaac/Desktop/VLSI/ProyectoVLSI/db/alt_u_div_cke.tdf              ;         ;
; db/add_sub_t3c.tdf               ; yes             ; Auto-Generated Megafunction  ; C:/Users/Isaac/Desktop/VLSI/ProyectoVLSI/db/add_sub_t3c.tdf                ;         ;
; db/add_sub_u3c.tdf               ; yes             ; Auto-Generated Megafunction  ; C:/Users/Isaac/Desktop/VLSI/ProyectoVLSI/db/add_sub_u3c.tdf                ;         ;
; db/lpm_divide_jtl.tdf            ; yes             ; Auto-Generated Megafunction  ; C:/Users/Isaac/Desktop/VLSI/ProyectoVLSI/db/lpm_divide_jtl.tdf             ;         ;
; db/sign_div_unsign_llh.tdf       ; yes             ; Auto-Generated Megafunction  ; C:/Users/Isaac/Desktop/VLSI/ProyectoVLSI/db/sign_div_unsign_llh.tdf        ;         ;
; db/alt_u_div_khe.tdf             ; yes             ; Auto-Generated Megafunction  ; C:/Users/Isaac/Desktop/VLSI/ProyectoVLSI/db/alt_u_div_khe.tdf              ;         ;
+----------------------------------+-----------------+------------------------------+----------------------------------------------------------------------------+---------+


+----------------------------------------------------------------------+
; Analysis & Synthesis Resource Usage Summary                          ;
+---------------------------------------------+------------------------+
; Resource                                    ; Usage                  ;
+---------------------------------------------+------------------------+
; Estimated Total logic elements              ; 1,788                  ;
;                                             ;                        ;
; Total combinational functions               ; 1740                   ;
; Logic element usage by number of LUT inputs ;                        ;
;     -- 4 input functions                    ; 1184                   ;
;     -- 3 input functions                    ; 242                    ;
;     -- <=2 input functions                  ; 314                    ;
;                                             ;                        ;
; Logic elements by mode                      ;                        ;
;     -- normal mode                          ; 1539                   ;
;     -- arithmetic mode                      ; 201                    ;
;                                             ;                        ;
; Total registers                             ; 352                    ;
;     -- Dedicated logic registers            ; 352                    ;
;     -- I/O registers                        ; 0                      ;
;                                             ;                        ;
; I/O pins                                    ; 30                     ;
;                                             ;                        ;
; Embedded Multiplier 9-bit elements          ; 0                      ;
;                                             ;                        ;
; Maximum fan-out node                        ; clock_divider:g1|pulso ;
; Maximum fan-out                             ; 310                    ;
; Total fan-out                               ; 7389                   ;
; Average fan-out                             ; 3.43                   ;
+---------------------------------------------+------------------------+


+-----------------------------------------------------------------------------------------------------------------------------------------------------------------------------------------------------------------------------------------------------------------------------------------------------------------------------------------------------------------------------+
; Analysis & Synthesis Resource Utilization by Entity                                                                                                                                                                                                                                                                                                                         ;
+-------------------------------------------+---------------------+---------------------------+-------------+------------+--------------+---------+-----------+------+--------------+------------+-----------------------------------------------------------------------------------------------------------------------------------+-------------------------+--------------+
; Compilation Hierarchy Node                ; Combinational ALUTs ; Dedicated Logic Registers ; Memory Bits ; UFM Blocks ; DSP Elements ; DSP 9x9 ; DSP 18x18 ; Pins ; Virtual Pins ; ADC blocks ; Full Hierarchy Name                                                                                                               ; Entity Name             ; Library Name ;
+-------------------------------------------+---------------------+---------------------------+-------------+------------+--------------+---------+-----------+------+--------------+------------+-----------------------------------------------------------------------------------------------------------------------------------+-------------------------+--------------+
; |snake                                    ; 1740 (1)            ; 352 (0)                   ; 0           ; 0          ; 0            ; 0       ; 0         ; 30   ; 0            ; 0          ; |snake                                                                                                                            ; snake                   ; work         ;
;    |clock_divider:g1|                     ; 21 (21)             ; 21 (21)                   ; 0           ; 0          ; 0            ; 0       ; 0         ; 0    ; 0            ; 0          ; |snake|clock_divider:g1                                                                                                           ; clock_divider           ; work         ;
;    |debouncer_circuit:g2|                 ; 7 (7)               ; 22 (22)                   ; 0           ; 0          ; 0            ; 0       ; 0         ; 0    ; 0            ; 0          ; |snake|debouncer_circuit:g2                                                                                                       ; debouncer_circuit       ; work         ;
;    |game_logic:g3|                        ; 1610 (1251)         ; 256 (256)                 ; 0           ; 0          ; 0            ; 0       ; 0         ; 0    ; 0            ; 0          ; |snake|game_logic:g3                                                                                                              ; game_logic              ; work         ;
;       |lpm_divide:Div0|                   ; 85 (0)              ; 0 (0)                     ; 0           ; 0          ; 0            ; 0       ; 0         ; 0    ; 0            ; 0          ; |snake|game_logic:g3|lpm_divide:Div0                                                                                              ; lpm_divide              ; work         ;
;          |lpm_divide_jtl:auto_generated|  ; 85 (0)              ; 0 (0)                     ; 0           ; 0          ; 0            ; 0       ; 0         ; 0    ; 0            ; 0          ; |snake|game_logic:g3|lpm_divide:Div0|lpm_divide_jtl:auto_generated                                                                ; lpm_divide_jtl          ; work         ;
;             |sign_div_unsign_llh:divider| ; 85 (0)              ; 0 (0)                     ; 0           ; 0          ; 0            ; 0       ; 0         ; 0    ; 0            ; 0          ; |snake|game_logic:g3|lpm_divide:Div0|lpm_divide_jtl:auto_generated|sign_div_unsign_llh:divider                                    ; sign_div_unsign_llh     ; work         ;
;                |alt_u_div_khe:divider|    ; 85 (85)             ; 0 (0)                     ; 0           ; 0          ; 0            ; 0       ; 0         ; 0    ; 0            ; 0          ; |snake|game_logic:g3|lpm_divide:Div0|lpm_divide_jtl:auto_generated|sign_div_unsign_llh:divider|alt_u_div_khe:divider              ; alt_u_div_khe           ; work         ;
;       |lpm_divide:Div1|                   ; 72 (0)              ; 0 (0)                     ; 0           ; 0          ; 0            ; 0       ; 0         ; 0    ; 0            ; 0          ; |snake|game_logic:g3|lpm_divide:Div1                                                                                              ; lpm_divide              ; work         ;
;          |lpm_divide_jtl:auto_generated|  ; 72 (0)              ; 0 (0)                     ; 0           ; 0          ; 0            ; 0       ; 0         ; 0    ; 0            ; 0          ; |snake|game_logic:g3|lpm_divide:Div1|lpm_divide_jtl:auto_generated                                                                ; lpm_divide_jtl          ; work         ;
;             |sign_div_unsign_llh:divider| ; 72 (0)              ; 0 (0)                     ; 0           ; 0          ; 0            ; 0       ; 0         ; 0    ; 0            ; 0          ; |snake|game_logic:g3|lpm_divide:Div1|lpm_divide_jtl:auto_generated|sign_div_unsign_llh:divider                                    ; sign_div_unsign_llh     ; work         ;
;                |alt_u_div_khe:divider|    ; 72 (72)             ; 0 (0)                     ; 0           ; 0          ; 0            ; 0       ; 0         ; 0    ; 0            ; 0          ; |snake|game_logic:g3|lpm_divide:Div1|lpm_divide_jtl:auto_generated|sign_div_unsign_llh:divider|alt_u_div_khe:divider              ; alt_u_div_khe           ; work         ;
;       |lpm_divide:Div2|                   ; 78 (0)              ; 0 (0)                     ; 0           ; 0          ; 0            ; 0       ; 0         ; 0    ; 0            ; 0          ; |snake|game_logic:g3|lpm_divide:Div2                                                                                              ; lpm_divide              ; work         ;
;          |lpm_divide_jtl:auto_generated|  ; 78 (0)              ; 0 (0)                     ; 0           ; 0          ; 0            ; 0       ; 0         ; 0    ; 0            ; 0          ; |snake|game_logic:g3|lpm_divide:Div2|lpm_divide_jtl:auto_generated                                                                ; lpm_divide_jtl          ; work         ;
;             |sign_div_unsign_llh:divider| ; 78 (0)              ; 0 (0)                     ; 0           ; 0          ; 0            ; 0       ; 0         ; 0    ; 0            ; 0          ; |snake|game_logic:g3|lpm_divide:Div2|lpm_divide_jtl:auto_generated|sign_div_unsign_llh:divider                                    ; sign_div_unsign_llh     ; work         ;
;                |alt_u_div_khe:divider|    ; 78 (78)             ; 0 (0)                     ; 0           ; 0          ; 0            ; 0       ; 0         ; 0    ; 0            ; 0          ; |snake|game_logic:g3|lpm_divide:Div2|lpm_divide_jtl:auto_generated|sign_div_unsign_llh:divider|alt_u_div_khe:divider              ; alt_u_div_khe           ; work         ;
;       |lpm_divide:Mod0|                   ; 124 (0)             ; 0 (0)                     ; 0           ; 0          ; 0            ; 0       ; 0         ; 0    ; 0            ; 0          ; |snake|game_logic:g3|lpm_divide:Mod0                                                                                              ; lpm_divide              ; work         ;
;          |lpm_divide_2nl:auto_generated|  ; 124 (0)             ; 0 (0)                     ; 0           ; 0          ; 0            ; 0       ; 0         ; 0    ; 0            ; 0          ; |snake|game_logic:g3|lpm_divide:Mod0|lpm_divide_2nl:auto_generated                                                                ; lpm_divide_2nl          ; work         ;
;             |sign_div_unsign_1nh:divider| ; 124 (0)             ; 0 (0)                     ; 0           ; 0          ; 0            ; 0       ; 0         ; 0    ; 0            ; 0          ; |snake|game_logic:g3|lpm_divide:Mod0|lpm_divide_2nl:auto_generated|sign_div_unsign_1nh:divider                                    ; sign_div_unsign_1nh     ; work         ;
;                |alt_u_div_cke:divider|    ; 124 (124)           ; 0 (0)                     ; 0           ; 0          ; 0            ; 0       ; 0         ; 0    ; 0            ; 0          ; |snake|game_logic:g3|lpm_divide:Mod0|lpm_divide_2nl:auto_generated|sign_div_unsign_1nh:divider|alt_u_div_cke:divider              ; alt_u_div_cke           ; work         ;
;    |pseudo_random_generator:g4|           ; 21 (2)              ; 19 (19)                   ; 0           ; 0          ; 0            ; 0       ; 0         ; 0    ; 0            ; 0          ; |snake|pseudo_random_generator:g4                                                                                                 ; pseudo_random_generator ; work         ;
;       |lpm_divide:Mod0|                   ; 19 (0)              ; 0 (0)                     ; 0           ; 0          ; 0            ; 0       ; 0         ; 0    ; 0            ; 0          ; |snake|pseudo_random_generator:g4|lpm_divide:Mod0                                                                                 ; lpm_divide              ; work         ;
;          |lpm_divide_2nl:auto_generated|  ; 19 (0)              ; 0 (0)                     ; 0           ; 0          ; 0            ; 0       ; 0         ; 0    ; 0            ; 0          ; |snake|pseudo_random_generator:g4|lpm_divide:Mod0|lpm_divide_2nl:auto_generated                                                   ; lpm_divide_2nl          ; work         ;
;             |sign_div_unsign_1nh:divider| ; 19 (0)              ; 0 (0)                     ; 0           ; 0          ; 0            ; 0       ; 0         ; 0    ; 0            ; 0          ; |snake|pseudo_random_generator:g4|lpm_divide:Mod0|lpm_divide_2nl:auto_generated|sign_div_unsign_1nh:divider                       ; sign_div_unsign_1nh     ; work         ;
;                |alt_u_div_cke:divider|    ; 19 (19)             ; 0 (0)                     ; 0           ; 0          ; 0            ; 0       ; 0         ; 0    ; 0            ; 0          ; |snake|pseudo_random_generator:g4|lpm_divide:Mod0|lpm_divide_2nl:auto_generated|sign_div_unsign_1nh:divider|alt_u_div_cke:divider ; alt_u_div_cke           ; work         ;
;    |vga:g5|                               ; 80 (80)             ; 34 (34)                   ; 0           ; 0          ; 0            ; 0       ; 0         ; 0    ; 0            ; 0          ; |snake|vga:g5                                                                                                                     ; vga                     ; work         ;
+-------------------------------------------+---------------------+---------------------------+-------------+------------+--------------+---------+-----------+------+--------------+------------+-----------------------------------------------------------------------------------------------------------------------------------+-------------------------+--------------+
Note: For table entries with two numbers listed, the numbers in parentheses indicate the number of resources of the given type used by the specific entity alone. The numbers listed outside of parentheses indicate the total resources of the given type used by the specific entity and all of its sub-entities in the hierarchy.


Encoding Type:  One-Hot
+---------------------------------------------------------------------------------------------------+
; State Machine - |snake|game_logic:g3|temp_cell                                                    ;
+----------------------+----------------------+----------------+-----------------+------------------+
; Name                 ; temp_cell.snake_tail ; temp_cell.food ; temp_cell.space ; temp_cell.border ;
+----------------------+----------------------+----------------+-----------------+------------------+
; temp_cell.border     ; 0                    ; 0              ; 0               ; 0                ;
; temp_cell.space      ; 0                    ; 0              ; 1               ; 1                ;
; temp_cell.food       ; 0                    ; 1              ; 0               ; 1                ;
; temp_cell.snake_tail ; 1                    ; 0              ; 0               ; 1                ;
+----------------------+----------------------+----------------+-----------------+------------------+


Encoding Type:  One-Hot
+---------------------------------------------------------------------------------------------------------------------------------+
; State Machine - |snake|game_logic:g3|game                                                                                       ;
+---------------------+----------+----------------+-------------------+-----------+------------+---------------------+------------+
; Name                ; game.vga ; game.game_over ; game.generatefood ; game.move ; game.check ; game.directioncheck ; game.ready ;
+---------------------+----------+----------------+-------------------+-----------+------------+---------------------+------------+
; game.ready          ; 0        ; 0              ; 0                 ; 0         ; 0          ; 0                   ; 0          ;
; game.directioncheck ; 0        ; 0              ; 0                 ; 0         ; 0          ; 1                   ; 1          ;
; game.check          ; 0        ; 0              ; 0                 ; 0         ; 1          ; 0                   ; 1          ;
; game.move           ; 0        ; 0              ; 0                 ; 1         ; 0          ; 0                   ; 1          ;
; game.generatefood   ; 0        ; 0              ; 1                 ; 0         ; 0          ; 0                   ; 1          ;
; game.game_over      ; 0        ; 1              ; 0                 ; 0         ; 0          ; 0                   ; 1          ;
; game.vga            ; 1        ; 0              ; 0                 ; 0         ; 0          ; 0                   ; 1          ;
+---------------------+----------+----------------+-------------------+-----------+------------+---------------------+------------+


+------------------------------------------------------------------------------------------+
; Registers Removed During Synthesis                                                       ;
+---------------------------------------+--------------------------------------------------+
; Register name                         ; Reason for Removal                               ;
+---------------------------------------+--------------------------------------------------+
; game_logic:g3|temp_cell.snake_tail    ; Lost fanout                                      ;
; pseudo_random_generator:g4|temp_v[1]  ; Merged with pseudo_random_generator:g4|random[1] ;
; Total Number of Removed Registers = 2 ;                                                  ;
+---------------------------------------+--------------------------------------------------+


+------------------------------------------------------+
; General Register Statistics                          ;
+----------------------------------------------+-------+
; Statistic                                    ; Value ;
+----------------------------------------------+-------+
; Total registers                              ; 352   ;
; Number of registers using Synchronous Clear  ; 6     ;
; Number of registers using Synchronous Load   ; 7     ;
; Number of registers using Asynchronous Clear ; 292   ;
; Number of registers using Asynchronous Load  ; 0     ;
; Number of registers using Clock Enable       ; 293   ;
; Number of registers using Preset             ; 0     ;
+----------------------------------------------+-------+


+---------------------------------------------------+
; Inverted Register Statistics                      ;
+-----------------------------------------+---------+
; Inverted Register                       ; Fan out ;
+-----------------------------------------+---------+
; game_logic:g3|snake_length[1]           ; 70      ;
; game_logic:g3|snake_length[0]           ; 70      ;
; game_logic:g3|currentfood[2]            ; 2       ;
; game_logic:g3|currentfood[5]            ; 2       ;
; game_logic:g3|currentfood[6]            ; 2       ;
; game_logic:g3|tick_time[3]              ; 3       ;
; game_logic:g3|tick_time[5]              ; 4       ;
; pseudo_random_generator:g4|temp_v[9]    ; 3       ;
; game_logic:g3|snake[2][1]               ; 7       ;
; game_logic:g3|snake[1][1]               ; 7       ;
; game_logic:g3|snake[2][0]               ; 7       ;
; game_logic:g3|snake[0][0]               ; 3       ;
; game_logic:g3|snake[3][2]               ; 7       ;
; game_logic:g3|snake[2][6]               ; 8       ;
; game_logic:g3|snake[1][6]               ; 8       ;
; game_logic:g3|snake[0][6]               ; 3       ;
; game_logic:g3|snake[3][6]               ; 8       ;
; game_logic:g3|snake[3][9]               ; 9       ;
; game_logic:g3|snake[1][9]               ; 9       ;
; game_logic:g3|snake[2][9]               ; 8       ;
; game_logic:g3|snake[0][9]               ; 3       ;
; game_logic:g3|direction_out[0]          ; 15      ;
; game_logic:g3|direction_out[1]          ; 13      ;
; debouncer_circuit:g2|temp_direction[0]  ; 2       ;
; game_logic:g3|current_direction[0]      ; 1       ;
; debouncer_circuit:g2|temp_direction[1]  ; 1       ;
; game_logic:g3|current_direction[1]      ; 1       ;
; Total number of inverted registers = 27 ;         ;
+-----------------------------------------+---------+


+-------------------------------------------------------------------------------------------------------------------------------------------------------------+
; Multiplexer Restructuring Statistics (Restructuring Performed)                                                                                              ;
+--------------------+-----------+---------------+----------------------+------------------------+------------+-----------------------------------------------+
; Multiplexer Inputs ; Bus Width ; Baseline Area ; Area if Restructured ; Saving if Restructured ; Registered ; Example Multiplexer Output                    ;
+--------------------+-----------+---------------+----------------------+------------------------+------------+-----------------------------------------------+
; 4:1                ; 5 bits    ; 10 LEs        ; 10 LEs               ; 0 LEs                  ; Yes        ; |snake|game_logic:g3|next_cell[1]             ;
; 3:1                ; 10 bits   ; 20 LEs        ; 20 LEs               ; 0 LEs                  ; Yes        ; |snake|vga:g5|h[6]                            ;
; 5:1                ; 5 bits    ; 15 LEs        ; 10 LEs               ; 5 LEs                  ; Yes        ; |snake|game_logic:g3|next_cell[6]             ;
; 4:1                ; 10 bits   ; 20 LEs        ; 20 LEs               ; 0 LEs                  ; Yes        ; |snake|vga:g5|v[9]                            ;
; 5:1                ; 10 bits   ; 30 LEs        ; 10 LEs               ; 20 LEs                 ; Yes        ; |snake|game_logic:g3|snake[18][5]             ;
; 5:1                ; 10 bits   ; 30 LEs        ; 10 LEs               ; 20 LEs                 ; Yes        ; |snake|game_logic:g3|snake[17][7]             ;
; 5:1                ; 10 bits   ; 30 LEs        ; 10 LEs               ; 20 LEs                 ; Yes        ; |snake|game_logic:g3|snake[16][2]             ;
; 5:1                ; 10 bits   ; 30 LEs        ; 10 LEs               ; 20 LEs                 ; Yes        ; |snake|game_logic:g3|snake[15][4]             ;
; 5:1                ; 10 bits   ; 30 LEs        ; 10 LEs               ; 20 LEs                 ; Yes        ; |snake|game_logic:g3|snake[14][6]             ;
; 5:1                ; 10 bits   ; 30 LEs        ; 10 LEs               ; 20 LEs                 ; Yes        ; |snake|game_logic:g3|snake[13][5]             ;
; 5:1                ; 10 bits   ; 30 LEs        ; 10 LEs               ; 20 LEs                 ; Yes        ; |snake|game_logic:g3|snake[12][5]             ;
; 5:1                ; 10 bits   ; 30 LEs        ; 10 LEs               ; 20 LEs                 ; Yes        ; |snake|game_logic:g3|snake[11][5]             ;
; 5:1                ; 10 bits   ; 30 LEs        ; 10 LEs               ; 20 LEs                 ; Yes        ; |snake|game_logic:g3|snake[10][5]             ;
; 5:1                ; 10 bits   ; 30 LEs        ; 10 LEs               ; 20 LEs                 ; Yes        ; |snake|game_logic:g3|snake[9][4]              ;
; 5:1                ; 10 bits   ; 30 LEs        ; 10 LEs               ; 20 LEs                 ; Yes        ; |snake|game_logic:g3|snake[8][8]              ;
; 5:1                ; 10 bits   ; 30 LEs        ; 10 LEs               ; 20 LEs                 ; Yes        ; |snake|game_logic:g3|snake[7][5]              ;
; 5:1                ; 10 bits   ; 30 LEs        ; 10 LEs               ; 20 LEs                 ; Yes        ; |snake|game_logic:g3|snake[6][5]              ;
; 5:1                ; 10 bits   ; 30 LEs        ; 10 LEs               ; 20 LEs                 ; Yes        ; |snake|game_logic:g3|snake[5][5]              ;
; 5:1                ; 10 bits   ; 30 LEs        ; 10 LEs               ; 20 LEs                 ; Yes        ; |snake|game_logic:g3|snake[4][4]              ;
; 5:1                ; 7 bits    ; 21 LEs        ; 7 LEs                ; 14 LEs                 ; Yes        ; |snake|game_logic:g3|snake[3][5]              ;
; 5:1                ; 6 bits    ; 18 LEs        ; 6 LEs                ; 12 LEs                 ; Yes        ; |snake|game_logic:g3|snake[2][5]              ;
; 5:1                ; 7 bits    ; 21 LEs        ; 7 LEs                ; 14 LEs                 ; Yes        ; |snake|game_logic:g3|snake[1][0]              ;
; 5:1                ; 7 bits    ; 21 LEs        ; 7 LEs                ; 14 LEs                 ; Yes        ; |snake|game_logic:g3|snake[0][5]              ;
; 5:1                ; 3 bits    ; 9 LEs         ; 3 LEs                ; 6 LEs                  ; Yes        ; |snake|game_logic:g3|snake[3][2]              ;
; 5:1                ; 4 bits    ; 12 LEs        ; 4 LEs                ; 8 LEs                  ; Yes        ; |snake|game_logic:g3|snake[2][6]              ;
; 5:1                ; 3 bits    ; 9 LEs         ; 3 LEs                ; 6 LEs                  ; Yes        ; |snake|game_logic:g3|snake[1][9]              ;
; 5:1                ; 3 bits    ; 9 LEs         ; 3 LEs                ; 6 LEs                  ; Yes        ; |snake|game_logic:g3|snake[0][6]              ;
; 5:1                ; 2 bits    ; 6 LEs         ; 4 LEs                ; 2 LEs                  ; Yes        ; |snake|debouncer_circuit:g2|temp_direction[0] ;
; 20:1               ; 10 bits   ; 130 LEs       ; 130 LEs              ; 0 LEs                  ; No         ; |snake|game_logic:g3|Mux1                     ;
; 10:1               ; 2 bits    ; 12 LEs        ; 6 LEs                ; 6 LEs                  ; No         ; |snake|game_logic:g3|game                     ;
; 10:1               ; 2 bits    ; 12 LEs        ; 4 LEs                ; 8 LEs                  ; No         ; |snake|game_logic:g3|game                     ;
; 11:1               ; 2 bits    ; 14 LEs        ; 8 LEs                ; 6 LEs                  ; No         ; |snake|game_logic:g3|game                     ;
; 24:1               ; 2 bits    ; 32 LEs        ; 4 LEs                ; 28 LEs                 ; No         ; |snake|game_logic:g3|temp_cell.border         ;
+--------------------+-----------+---------------+----------------------+------------------------+------------+-----------------------------------------------+


+---------------------------------------------------------------------------------------------+
; Parameter Settings for Inferred Entity Instance: pseudo_random_generator:g4|lpm_divide:Mod0 ;
+------------------------+----------------+---------------------------------------------------+
; Parameter Name         ; Value          ; Type                                              ;
+------------------------+----------------+---------------------------------------------------+
; LPM_WIDTHN             ; 10             ; Untyped                                           ;
; LPM_WIDTHD             ; 10             ; Untyped                                           ;
; LPM_NREPRESENTATION    ; UNSIGNED       ; Untyped                                           ;
; LPM_DREPRESENTATION    ; UNSIGNED       ; Untyped                                           ;
; LPM_PIPELINE           ; 0              ; Untyped                                           ;
; LPM_REMAINDERPOSITIVE  ; TRUE           ; Untyped                                           ;
; MAXIMIZE_SPEED         ; 5              ; Untyped                                           ;
; CBXI_PARAMETER         ; lpm_divide_2nl ; Untyped                                           ;
; CARRY_CHAIN            ; MANUAL         ; Untyped                                           ;
; OPTIMIZE_FOR_SPEED     ; 5              ; Untyped                                           ;
; AUTO_CARRY_CHAINS      ; ON             ; AUTO_CARRY                                        ;
; IGNORE_CARRY_BUFFERS   ; OFF            ; IGNORE_CARRY                                      ;
; AUTO_CASCADE_CHAINS    ; ON             ; AUTO_CASCADE                                      ;
; IGNORE_CASCADE_BUFFERS ; OFF            ; IGNORE_CASCADE                                    ;
+------------------------+----------------+---------------------------------------------------+
Note: In order to hide this table in the UI and the text report file, please set the "Show Parameter Settings in Synthesis Report" option in "Analysis and Synthesis Settings -> More Settings" to "Off".


+--------------------------------------------------------------------------------+
; Parameter Settings for Inferred Entity Instance: game_logic:g3|lpm_divide:Div2 ;
+------------------------+----------------+--------------------------------------+
; Parameter Name         ; Value          ; Type                                 ;
+------------------------+----------------+--------------------------------------+
; LPM_WIDTHN             ; 10             ; Untyped                              ;
; LPM_WIDTHD             ; 5              ; Untyped                              ;
; LPM_NREPRESENTATION    ; UNSIGNED       ; Untyped                              ;
; LPM_DREPRESENTATION    ; UNSIGNED       ; Untyped                              ;
; LPM_PIPELINE           ; 0              ; Untyped                              ;
; LPM_REMAINDERPOSITIVE  ; TRUE           ; Untyped                              ;
; MAXIMIZE_SPEED         ; 5              ; Untyped                              ;
; CBXI_PARAMETER         ; lpm_divide_jtl ; Untyped                              ;
; CARRY_CHAIN            ; MANUAL         ; Untyped                              ;
; OPTIMIZE_FOR_SPEED     ; 5              ; Untyped                              ;
; AUTO_CARRY_CHAINS      ; ON             ; AUTO_CARRY                           ;
; IGNORE_CARRY_BUFFERS   ; OFF            ; IGNORE_CARRY                         ;
; AUTO_CASCADE_CHAINS    ; ON             ; AUTO_CASCADE                         ;
; IGNORE_CASCADE_BUFFERS ; OFF            ; IGNORE_CASCADE                       ;
+------------------------+----------------+--------------------------------------+
Note: In order to hide this table in the UI and the text report file, please set the "Show Parameter Settings in Synthesis Report" option in "Analysis and Synthesis Settings -> More Settings" to "Off".


+--------------------------------------------------------------------------------+
; Parameter Settings for Inferred Entity Instance: game_logic:g3|lpm_divide:Div1 ;
+------------------------+----------------+--------------------------------------+
; Parameter Name         ; Value          ; Type                                 ;
+------------------------+----------------+--------------------------------------+
; LPM_WIDTHN             ; 10             ; Untyped                              ;
; LPM_WIDTHD             ; 5              ; Untyped                              ;
; LPM_NREPRESENTATION    ; UNSIGNED       ; Untyped                              ;
; LPM_DREPRESENTATION    ; UNSIGNED       ; Untyped                              ;
; LPM_PIPELINE           ; 0              ; Untyped                              ;
; LPM_REMAINDERPOSITIVE  ; TRUE           ; Untyped                              ;
; MAXIMIZE_SPEED         ; 5              ; Untyped                              ;
; CBXI_PARAMETER         ; lpm_divide_jtl ; Untyped                              ;
; CARRY_CHAIN            ; MANUAL         ; Untyped                              ;
; OPTIMIZE_FOR_SPEED     ; 5              ; Untyped                              ;
; AUTO_CARRY_CHAINS      ; ON             ; AUTO_CARRY                           ;
; IGNORE_CARRY_BUFFERS   ; OFF            ; IGNORE_CARRY                         ;
; AUTO_CASCADE_CHAINS    ; ON             ; AUTO_CASCADE                         ;
; IGNORE_CASCADE_BUFFERS ; OFF            ; IGNORE_CASCADE                       ;
+------------------------+----------------+--------------------------------------+
Note: In order to hide this table in the UI and the text report file, please set the "Show Parameter Settings in Synthesis Report" option in "Analysis and Synthesis Settings -> More Settings" to "Off".


+--------------------------------------------------------------------------------+
; Parameter Settings for Inferred Entity Instance: game_logic:g3|lpm_divide:Mod0 ;
+------------------------+----------------+--------------------------------------+
; Parameter Name         ; Value          ; Type                                 ;
+------------------------+----------------+--------------------------------------+
; LPM_WIDTHN             ; 10             ; Untyped                              ;
; LPM_WIDTHD             ; 10             ; Untyped                              ;
; LPM_NREPRESENTATION    ; UNSIGNED       ; Untyped                              ;
; LPM_DREPRESENTATION    ; UNSIGNED       ; Untyped                              ;
; LPM_PIPELINE           ; 0              ; Untyped                              ;
; LPM_REMAINDERPOSITIVE  ; TRUE           ; Untyped                              ;
; MAXIMIZE_SPEED         ; 5              ; Untyped                              ;
; CBXI_PARAMETER         ; lpm_divide_2nl ; Untyped                              ;
; CARRY_CHAIN            ; MANUAL         ; Untyped                              ;
; OPTIMIZE_FOR_SPEED     ; 5              ; Untyped                              ;
; AUTO_CARRY_CHAINS      ; ON             ; AUTO_CARRY                           ;
; IGNORE_CARRY_BUFFERS   ; OFF            ; IGNORE_CARRY                         ;
; AUTO_CASCADE_CHAINS    ; ON             ; AUTO_CASCADE                         ;
; IGNORE_CASCADE_BUFFERS ; OFF            ; IGNORE_CASCADE                       ;
+------------------------+----------------+--------------------------------------+
Note: In order to hide this table in the UI and the text report file, please set the "Show Parameter Settings in Synthesis Report" option in "Analysis and Synthesis Settings -> More Settings" to "Off".


+--------------------------------------------------------------------------------+
; Parameter Settings for Inferred Entity Instance: game_logic:g3|lpm_divide:Div0 ;
+------------------------+----------------+--------------------------------------+
; Parameter Name         ; Value          ; Type                                 ;
+------------------------+----------------+--------------------------------------+
; LPM_WIDTHN             ; 10             ; Untyped                              ;
; LPM_WIDTHD             ; 5              ; Untyped                              ;
; LPM_NREPRESENTATION    ; UNSIGNED       ; Untyped                              ;
; LPM_DREPRESENTATION    ; UNSIGNED       ; Untyped                              ;
; LPM_PIPELINE           ; 0              ; Untyped                              ;
; LPM_REMAINDERPOSITIVE  ; TRUE           ; Untyped                              ;
; MAXIMIZE_SPEED         ; 5              ; Untyped                              ;
; CBXI_PARAMETER         ; lpm_divide_jtl ; Untyped                              ;
; CARRY_CHAIN            ; MANUAL         ; Untyped                              ;
; OPTIMIZE_FOR_SPEED     ; 5              ; Untyped                              ;
; AUTO_CARRY_CHAINS      ; ON             ; AUTO_CARRY                           ;
; IGNORE_CARRY_BUFFERS   ; OFF            ; IGNORE_CARRY                         ;
; AUTO_CASCADE_CHAINS    ; ON             ; AUTO_CASCADE                         ;
; IGNORE_CASCADE_BUFFERS ; OFF            ; IGNORE_CASCADE                       ;
+------------------------+----------------+--------------------------------------+
Note: In order to hide this table in the UI and the text report file, please set the "Show Parameter Settings in Synthesis Report" option in "Analysis and Synthesis Settings -> More Settings" to "Off".


+-----------------------------------------------------+
; Post-Synthesis Netlist Statistics for Top Partition ;
+-----------------------+-----------------------------+
; Type                  ; Count                       ;
+-----------------------+-----------------------------+
; boundary_port         ; 30                          ;
; cycloneiii_ff         ; 352                         ;
;     CLR               ; 45                          ;
;     ENA               ; 41                          ;
;     ENA CLR           ; 241                         ;
;     ENA CLR SCLR      ; 6                           ;
;     ENA SLD           ; 5                           ;
;     SLD               ; 2                           ;
;     plain             ; 12                          ;
; cycloneiii_lcell_comb ; 1740                        ;
;     arith             ; 201                         ;
;         1 data inputs ; 1                           ;
;         2 data inputs ; 94                          ;
;         3 data inputs ; 106                         ;
;     normal            ; 1539                        ;
;         0 data inputs ; 25                          ;
;         1 data inputs ; 12                          ;
;         2 data inputs ; 182                         ;
;         3 data inputs ; 136                         ;
;         4 data inputs ; 1184                        ;
;                       ;                             ;
; Max LUT depth         ; 20.30                       ;
; Average LUT depth     ; 11.92                       ;
+-----------------------+-----------------------------+


+-------------------------------+
; Elapsed Time Per Partition    ;
+----------------+--------------+
; Partition Name ; Elapsed Time ;
+----------------+--------------+
; Top            ; 00:00:04     ;
+----------------+--------------+


+-------------------------------+
; Analysis & Synthesis Messages ;
+-------------------------------+
Info: *******************************************************************
Info: Running Quartus Prime Analysis & Synthesis
    Info: Version 20.1.0 Build 711 06/05/2020 SJ Lite Edition
    Info: Processing started: Thu Feb 04 11:03:12 2021
Info: Command: quartus_map --read_settings_files=on --write_settings_files=off juego -c juego
Warning (18236): Number of processors has not been specified which may cause overloading on shared machines.  Set the global assignment NUM_PARALLEL_PROCESSORS in your QSF to an appropriate value for best performance.
Info (20030): Parallel compilation is enabled and will use 4 of the 4 processors detected
Info (12021): Found 2 design units, including 1 entities, in source file snake.vhd
    Info (12022): Found design unit 1: snake-Behavioral File: C:/Users/Isaac/Desktop/VLSI/ProyectoVLSI/snake.vhd Line: 22
    Info (12023): Found entity 1: snake File: C:/Users/Isaac/Desktop/VLSI/ProyectoVLSI/snake.vhd Line: 7
Info (12021): Found 2 design units, including 1 entities, in source file vga.vhd
    Info (12022): Found design unit 1: vga-Behavioral File: C:/Users/Isaac/Desktop/VLSI/ProyectoVLSI/vga.vhd Line: 20
    Info (12023): Found entity 1: vga File: C:/Users/Isaac/Desktop/VLSI/ProyectoVLSI/vga.vhd Line: 7
Info (12021): Found 2 design units, including 1 entities, in source file pseudo_random_generator.vhd
    Info (12022): Found design unit 1: pseudo_random_generator-Behavioral File: C:/Users/Isaac/Desktop/VLSI/ProyectoVLSI/pseudo_random_generator.vhd Line: 13
    Info (12023): Found entity 1: pseudo_random_generator File: C:/Users/Isaac/Desktop/VLSI/ProyectoVLSI/pseudo_random_generator.vhd Line: 7
Info (12021): Found 2 design units, including 0 entities, in source file game_package.vhd
    Info (12022): Found design unit 1: game_package File: C:/Users/Isaac/Desktop/VLSI/ProyectoVLSI/game_package.vhd Line: 6
    Info (12022): Found design unit 2: game_package-body File: C:/Users/Isaac/Desktop/VLSI/ProyectoVLSI/game_package.vhd Line: 12
Info (12021): Found 2 design units, including 1 entities, in source file game_logic.vhd
    Info (12022): Found design unit 1: game_logic-Behavioral File: C:/Users/Isaac/Desktop/VLSI/ProyectoVLSI/game_logic.vhd Line: 20
    Info (12023): Found entity 1: game_logic File: C:/Users/Isaac/Desktop/VLSI/ProyectoVLSI/game_logic.vhd Line: 7
Info (12021): Found 2 design units, including 1 entities, in source file debouncer_circuit.vhd
    Info (12022): Found design unit 1: debouncer_circuit-Behavioral File: C:/Users/Isaac/Desktop/VLSI/ProyectoVLSI/debouncer_circuit.vhd Line: 15
    Info (12023): Found entity 1: debouncer_circuit File: C:/Users/Isaac/Desktop/VLSI/ProyectoVLSI/debouncer_circuit.vhd Line: 5
Info (12021): Found 2 design units, including 1 entities, in source file clock_divider.vhd
    Info (12022): Found design unit 1: clock_divider-Behavioral File: C:/Users/Isaac/Desktop/VLSI/ProyectoVLSI/clock_divider.vhd Line: 12
    Info (12023): Found entity 1: clock_divider File: C:/Users/Isaac/Desktop/VLSI/ProyectoVLSI/clock_divider.vhd Line: 5
Info (12127): Elaborating entity "snake" for the top level hierarchy
Info (12128): Elaborating entity "clock_divider" for hierarchy "clock_divider:g1" File: C:/Users/Isaac/Desktop/VLSI/ProyectoVLSI/snake.vhd Line: 82
Warning (10492): VHDL Process Statement warning at clock_divider.vhd(22): signal "pulso" is read inside the Process Statement but isn't in the Process Statement's sensitivity list File: C:/Users/Isaac/Desktop/VLSI/ProyectoVLSI/clock_divider.vhd Line: 22
Info (12128): Elaborating entity "game_logic" for hierarchy "game_logic:g3" File: C:/Users/Isaac/Desktop/VLSI/ProyectoVLSI/snake.vhd Line: 87
Warning (10631): VHDL Process Statement warning at game_logic.vhd(60): inferring latch(es) for signal or variable "tick_time", which holds its previous value in one or more paths through the process File: C:/Users/Isaac/Desktop/VLSI/ProyectoVLSI/game_logic.vhd Line: 60
Info (10041): Inferred latch for "tick_time[0]" at game_logic.vhd(60) File: C:/Users/Isaac/Desktop/VLSI/ProyectoVLSI/game_logic.vhd Line: 60
Info (12128): Elaborating entity "debouncer_circuit" for hierarchy "debouncer_circuit:g2" File: C:/Users/Isaac/Desktop/VLSI/ProyectoVLSI/snake.vhd Line: 98
Info (12128): Elaborating entity "pseudo_random_generator" for hierarchy "pseudo_random_generator:g4" File: C:/Users/Isaac/Desktop/VLSI/ProyectoVLSI/snake.vhd Line: 106
Info (12128): Elaborating entity "vga" for hierarchy "vga:g5" File: C:/Users/Isaac/Desktop/VLSI/ProyectoVLSI/snake.vhd Line: 110
Info (278001): Inferred 5 megafunctions from design logic
    Info (278004): Inferred divider/modulo megafunction ("lpm_divide") from the following logic: "pseudo_random_generator:g4|Mod0" File: C:/Users/Isaac/Desktop/VLSI/ProyectoVLSI/pseudo_random_generator.vhd Line: 26
    Info (278004): Inferred divider/modulo megafunction ("lpm_divide") from the following logic: "game_logic:g3|Div2" File: C:/Users/Isaac/Desktop/VLSI/ProyectoVLSI/game_logic.vhd Line: 190
    Info (278004): Inferred divider/modulo megafunction ("lpm_divide") from the following logic: "game_logic:g3|Div1" File: C:/Users/Isaac/Desktop/VLSI/ProyectoVLSI/game_logic.vhd Line: 190
    Info (278004): Inferred divider/modulo megafunction ("lpm_divide") from the following logic: "game_logic:g3|Mod0" File: C:/Users/Isaac/Desktop/VLSI/ProyectoVLSI/game_logic.vhd Line: 182
    Info (278004): Inferred divider/modulo megafunction ("lpm_divide") from the following logic: "game_logic:g3|Div0" File: C:/Users/Isaac/Desktop/VLSI/ProyectoVLSI/game_logic.vhd Line: 182
Info (12130): Elaborated megafunction instantiation "pseudo_random_generator:g4|lpm_divide:Mod0" File: C:/Users/Isaac/Desktop/VLSI/ProyectoVLSI/pseudo_random_generator.vhd Line: 26
Info (12133): Instantiated megafunction "pseudo_random_generator:g4|lpm_divide:Mod0" with the following parameter: File: C:/Users/Isaac/Desktop/VLSI/ProyectoVLSI/pseudo_random_generator.vhd Line: 26
    Info (12134): Parameter "LPM_WIDTHN" = "10"
    Info (12134): Parameter "LPM_WIDTHD" = "10"
    Info (12134): Parameter "LPM_NREPRESENTATION" = "UNSIGNED"
    Info (12134): Parameter "LPM_DREPRESENTATION" = "UNSIGNED"
Info (12021): Found 1 design units, including 1 entities, in source file db/lpm_divide_2nl.tdf
    Info (12023): Found entity 1: lpm_divide_2nl File: C:/Users/Isaac/Desktop/VLSI/ProyectoVLSI/db/lpm_divide_2nl.tdf Line: 25
Info (12021): Found 1 design units, including 1 entities, in source file db/sign_div_unsign_1nh.tdf
    Info (12023): Found entity 1: sign_div_unsign_1nh File: C:/Users/Isaac/Desktop/VLSI/ProyectoVLSI/db/sign_div_unsign_1nh.tdf Line: 25
Info (12021): Found 1 design units, including 1 entities, in source file db/alt_u_div_cke.tdf
    Info (12023): Found entity 1: alt_u_div_cke File: C:/Users/Isaac/Desktop/VLSI/ProyectoVLSI/db/alt_u_div_cke.tdf Line: 27
Info (12021): Found 1 design units, including 1 entities, in source file db/add_sub_t3c.tdf
    Info (12023): Found entity 1: add_sub_t3c File: C:/Users/Isaac/Desktop/VLSI/ProyectoVLSI/db/add_sub_t3c.tdf Line: 23
Info (12021): Found 1 design units, including 1 entities, in source file db/add_sub_u3c.tdf
    Info (12023): Found entity 1: add_sub_u3c File: C:/Users/Isaac/Desktop/VLSI/ProyectoVLSI/db/add_sub_u3c.tdf Line: 23
Info (12130): Elaborated megafunction instantiation "game_logic:g3|lpm_divide:Div2" File: C:/Users/Isaac/Desktop/VLSI/ProyectoVLSI/game_logic.vhd Line: 190
Info (12133): Instantiated megafunction "game_logic:g3|lpm_divide:Div2" with the following parameter: File: C:/Users/Isaac/Desktop/VLSI/ProyectoVLSI/game_logic.vhd Line: 190
    Info (12134): Parameter "LPM_WIDTHN" = "10"
    Info (12134): Parameter "LPM_WIDTHD" = "5"
    Info (12134): Parameter "LPM_NREPRESENTATION" = "UNSIGNED"
    Info (12134): Parameter "LPM_DREPRESENTATION" = "UNSIGNED"
Info (12021): Found 1 design units, including 1 entities, in source file db/lpm_divide_jtl.tdf
    Info (12023): Found entity 1: lpm_divide_jtl File: C:/Users/Isaac/Desktop/VLSI/ProyectoVLSI/db/lpm_divide_jtl.tdf Line: 25
Info (12021): Found 1 design units, including 1 entities, in source file db/sign_div_unsign_llh.tdf
    Info (12023): Found entity 1: sign_div_unsign_llh File: C:/Users/Isaac/Desktop/VLSI/ProyectoVLSI/db/sign_div_unsign_llh.tdf Line: 25
Info (12021): Found 1 design units, including 1 entities, in source file db/alt_u_div_khe.tdf
    Info (12023): Found entity 1: alt_u_div_khe File: C:/Users/Isaac/Desktop/VLSI/ProyectoVLSI/db/alt_u_div_khe.tdf Line: 27
Info (12130): Elaborated megafunction instantiation "game_logic:g3|lpm_divide:Mod0" File: C:/Users/Isaac/Desktop/VLSI/ProyectoVLSI/game_logic.vhd Line: 182
Info (12133): Instantiated megafunction "game_logic:g3|lpm_divide:Mod0" with the following parameter: File: C:/Users/Isaac/Desktop/VLSI/ProyectoVLSI/game_logic.vhd Line: 182
    Info (12134): Parameter "LPM_WIDTHN" = "10"
    Info (12134): Parameter "LPM_WIDTHD" = "10"
    Info (12134): Parameter "LPM_NREPRESENTATION" = "UNSIGNED"
    Info (12134): Parameter "LPM_DREPRESENTATION" = "UNSIGNED"
Info (12130): Elaborated megafunction instantiation "game_logic:g3|lpm_divide:Div0" File: C:/Users/Isaac/Desktop/VLSI/ProyectoVLSI/game_logic.vhd Line: 182
Info (12133): Instantiated megafunction "game_logic:g3|lpm_divide:Div0" with the following parameter: File: C:/Users/Isaac/Desktop/VLSI/ProyectoVLSI/game_logic.vhd Line: 182
    Info (12134): Parameter "LPM_WIDTHN" = "10"
    Info (12134): Parameter "LPM_WIDTHD" = "5"
    Info (12134): Parameter "LPM_NREPRESENTATION" = "UNSIGNED"
    Info (12134): Parameter "LPM_DREPRESENTATION" = "UNSIGNED"
Info (13000): Registers with preset signals will power-up high File: C:/Users/Isaac/Desktop/VLSI/ProyectoVLSI/game_logic.vhd Line: 63
Info (13003): DEV_CLRn pin will set, and not reset, register with preset signal due to NOT Gate Push-Back
Info (286030): Timing-Driven Synthesis is running
Info (17049): 1 registers lost all their fanouts during netlist optimizations.
Info (16010): Generating hard_block partition "hard_block:auto_generated_inst"
    Info (16011): Adding 0 node(s), including 0 DDIO, 0 PLL, 0 transceiver and 0 LCELL
Info (21057): Implemented 1823 device resources after synthesis - the final resource count might be different
    Info (21058): Implemented 6 input pins
    Info (21059): Implemented 24 output pins
    Info (21061): Implemented 1793 logic cells
Info: Quartus Prime Analysis & Synthesis was successful. 0 errors, 3 warnings
    Info: Peak virtual memory: 4826 megabytes
    Info: Processing ended: Thu Feb 04 11:03:29 2021
    Info: Elapsed time: 00:00:17
    Info: Total CPU time (on all processors): 00:00:26


